Warning: Detected pins or ports without physical pin shapes. The first few such pins or ports are: a[7], a[6], a[5], a[4], a[3]. (DPPA-325)
****************************************
Report : qor
Design : pipe_warning
Version: U-2022.12-SP5
Date   : Sat Jun 27 22:19:41 2026
****************************************


Scenario           'default'
Timing Path Group  '**in2reg_default**'
----------------------------------------
Levels of Logic:                      3
Critical Path Length:              0.41
Critical Path Slack:               1.01
Critical Path Clk Period:          1.50
Total Negative Slack:              0.00
No. of Violating Paths:               0
Worst Hold Violation:              0.00
Total Hold Violation:              0.00
No. of Hold Violations:               0
----------------------------------------

Scenario           'default'
Timing Path Group  '**reg2out_default**'
----------------------------------------
Levels of Logic:                     16
Critical Path Length:              0.79
Critical Path Slack:               0.33
Critical Path Clk Period:          1.50
Total Negative Slack:              0.00
No. of Violating Paths:               0
Worst Hold Violation:              0.00
Total Hold Violation:              0.00
No. of Hold Violations:               0
----------------------------------------

Scenario           'default'
Timing Path Group  '**in2out_default**'
----------------------------------------
Levels of Logic:                      4
Critical Path Length:              0.11
Critical Path Slack:               0.27
Critical Path Clk Period:          1.50
Total Negative Slack:              0.00
No. of Violating Paths:               0
Worst Hold Violation:              0.00
Total Hold Violation:              0.00
No. of Hold Violations:               0
----------------------------------------

Scenario           'default'
Timing Path Group  'clk'
----------------------------------------
Levels of Logic:                     14
Critical Path Length:              0.72
Critical Path Slack:              -0.00
Critical Path Clk Period:          1.50
Total Negative Slack:             -0.00
No. of Violating Paths:               2
Worst Hold Violation:             -0.21
Total Hold Violation:             -0.43
No. of Hold Violations:               3
----------------------------------------


Cell Count
----------------------------------------
Hierarchical Cell Count:              4
Hierarchical Port Count:             30
Leaf Cell Count:                    167
Buf/Inv Cell Count:                  82
Buf Cell Count:                      55
Inv Cell Count:                      27
CT Buf/Inv Cell Count:                0
Combinational Cell Count:           135
   Single-bit Isolation Cell Count:                        0
   Multi-bit Isolation Cell Count:                         0
   Isolation Cell Banking Ratio:                           0.00%
   Single-bit Level Shifter Cell Count:                    0
   Multi-bit Level Shifter Cell Count:                     0
   Level Shifter Cell Banking Ratio:                       0.00%
   Single-bit ELS Cell Count:                              0
   Multi-bit ELS Cell Count:                               0
   ELS Cell Banking Ratio:                                 0.00%
Sequential Cell Count:               32
   Integrated Clock-Gating Cell Count:                     0
   Sequential Macro Cell Count:                            0
   Single-bit Sequential Cell Count:                       32
   Multi-bit Sequential Cell Count:                        0
   Sequential Cell Banking Ratio:                          0.00%
   BitsPerflop:                                            1.00
Macro Count:                          0
----------------------------------------


Area
----------------------------------------
Combinational Area:              308.02
Noncombinational Area:           227.71
Buf/Inv Area:                    178.15
Total Buffer Area:               125.80
Total Inverter Area:              52.35
Macro/Black Box Area:              0.00
Net Area:                             0
Net XLength:                     747.48
Net YLength:                     694.68
----------------------------------------
Cell Area (netlist):                            535.74
Cell Area (netlist and physical only):          535.74
Net Length:                     1442.16


Design Rules
----------------------------------------
Total Number of Nets:               195
Nets with Violations:                 0
Max Trans Violations:                 0
Max Cap Violations:                   0
----------------------------------------

1
