 
****************************************
Report : timing
        -path full
        -delay max
        -max_paths 5
Design : pipe_warning
Version: R-2020.09-SP5-5
Date   : Sat Jun 27 22:17:46 2026
****************************************

Operating Conditions: ff0p95vn40c   Library: saed32rvt_ff0p95vn40c
Wire Load Model Mode: enclosed

  Startpoint: clk (clock source 'clk')
  Endpoint: warning (output port clocked by clk)
  Path Group: clk
  Path Type: max

  Des/Clust/Port     Wire Load Model       Library
  ------------------------------------------------
  pipe_warning       8000                  saed32rvt_ff0p95vn40c
  warning_cell_W8    ForQA                 saed32rvt_ff0p95vn40c

  Point                                    Incr       Path
  -----------------------------------------------------------
  clock clk (rise edge)                    0.00       0.00
  clk (in)                                 0.00       0.00 r
  u_mon/clk (warning_cell_W8)              0.00       0.00 r
  u_mon/u_wd/in (delay_line_LEN3)          0.00       0.00 r
  u_mon/u_wd/out (delay_line_LEN3)         0.00       0.00 r
  u_mon/U5/Y (AOI21X2_RVT)                82.71      82.71 f
  u_mon/U6/Y (OA221X1_RVT)                 0.04      82.75 f
  u_mon/u_sr/s (sr_latch)                  0.00      82.75 f
  u_mon/u_sr/U2/Y (OA21X1_RVT)             0.04      82.78 f
  u_mon/u_sr/q (sr_latch)                  0.00      82.78 f
  u_mon/warning (warning_cell_W8)          0.00      82.78 f
  warning (out)                            0.03      82.81 f
  data arrival time                                  82.81

  clock clk (rise edge)                    0.80       0.80
  clock network delay (ideal)              0.00       0.80
  clock uncertainty                       -0.04       0.76
  output external delay                   -0.16       0.60
  data required time                                  0.60
  -----------------------------------------------------------
  data required time                                  0.60
  data arrival time                                 -82.81
  -----------------------------------------------------------
  slack (VIOLATED)                                  -82.21


  Startpoint: rb_reg[0] (rising edge-triggered flip-flop clocked by clk)
  Endpoint: u_mon/q_reg[7]
            (rising edge-triggered flip-flop clocked by clk)
  Path Group: clk
  Path Type: max

  Des/Clust/Port     Wire Load Model       Library
  ------------------------------------------------
  pipe_warning       8000                  saed32rvt_ff0p95vn40c
  warning_cell_W8    ForQA                 saed32rvt_ff0p95vn40c

  Point                                    Incr       Path
  -----------------------------------------------------------
  clock clk (rise edge)                    0.00       0.00
  clock network delay (ideal)              0.00       0.00
  rb_reg[0]/CLK (DFFASX1_RVT)              0.00       0.00 r
  rb_reg[0]/QN (DFFASX1_RVT)               0.06       0.06 r
  U19/C1 (HADDX1_RVT)                      0.05       0.11 r
  U18/CO (FADDX1_RVT)                      0.07       0.18 r
  U17/CO (FADDX1_RVT)                      0.07       0.25 r
  U16/CO (FADDX1_RVT)                      0.07       0.32 r
  U15/CO (FADDX1_RVT)                      0.07       0.39 r
  U20/CO (FADDX1_RVT)                      0.07       0.46 r
  U21/CO (FADDX1_RVT)                      0.07       0.53 r
  U22/S (FADDX1_RVT)                       0.11       0.64 f
  u_mon/d[7] (warning_cell_W8)             0.00       0.64 f
  u_mon/U7/Y (INVX0_RVT)                   0.41       1.04 r
  u_mon/q_reg[7]/D (DFFASX1_RVT)           0.01       1.05 r
  data arrival time                                   1.05

  clock clk (rise edge)                    0.80       0.80
  clock network delay (ideal)              0.00       0.80
  clock uncertainty                       -0.04       0.76
  u_mon/q_reg[7]/CLK (DFFASX1_RVT)         0.00       0.76 r
  library setup time                      -0.02       0.74
  data required time                                  0.74
  -----------------------------------------------------------
  data required time                                  0.74
  data arrival time                                  -1.05
  -----------------------------------------------------------
  slack (VIOLATED)                                   -0.32


  Startpoint: rb_reg[0] (rising edge-triggered flip-flop clocked by clk)
  Endpoint: u_mon/q_reg[6]
            (rising edge-triggered flip-flop clocked by clk)
  Path Group: clk
  Path Type: max

  Des/Clust/Port     Wire Load Model       Library
  ------------------------------------------------
  pipe_warning       8000                  saed32rvt_ff0p95vn40c

  Point                                    Incr       Path
  -----------------------------------------------------------
  clock clk (rise edge)                    0.00       0.00
  clock network delay (ideal)              0.00       0.00
  rb_reg[0]/CLK (DFFASX1_RVT)              0.00       0.00 r
  rb_reg[0]/QN (DFFASX1_RVT)               0.06       0.06 r
  U19/C1 (HADDX1_RVT)                      0.05       0.11 r
  U18/CO (FADDX1_RVT)                      0.07       0.18 r
  U17/CO (FADDX1_RVT)                      0.07       0.25 r
  U16/CO (FADDX1_RVT)                      0.07       0.32 r
  U15/CO (FADDX1_RVT)                      0.07       0.39 r
  U20/CO (FADDX1_RVT)                      0.07       0.46 r
  U21/S (FADDX1_RVT)                       0.09       0.54 f
  u_mon/d[6] (warning_cell_W8)             0.00       0.54 f
  u_mon/q_reg[6]/D (DFFARX1_RVT)           0.01       0.56 f
  data arrival time                                   0.56

  clock clk (rise edge)                    0.80       0.80
  clock network delay (ideal)              0.00       0.80
  clock uncertainty                       -0.04       0.76
  u_mon/q_reg[6]/CLK (DFFARX1_RVT)         0.00       0.76 r
  library setup time                      -0.02       0.74
  data required time                                  0.74
  -----------------------------------------------------------
  data required time                                  0.74
  data arrival time                                  -0.56
  -----------------------------------------------------------
  slack (MET)                                         0.18


  Startpoint: rb_reg[0] (rising edge-triggered flip-flop clocked by clk)
  Endpoint: u_mon/q_reg[5]
            (rising edge-triggered flip-flop clocked by clk)
  Path Group: clk
  Path Type: max

  Des/Clust/Port     Wire Load Model       Library
  ------------------------------------------------
  pipe_warning       8000                  saed32rvt_ff0p95vn40c

  Point                                    Incr       Path
  -----------------------------------------------------------
  clock clk (rise edge)                    0.00       0.00
  clock network delay (ideal)              0.00       0.00
  rb_reg[0]/CLK (DFFASX1_RVT)              0.00       0.00 r
  rb_reg[0]/QN (DFFASX1_RVT)               0.06       0.06 r
  U19/C1 (HADDX1_RVT)                      0.05       0.11 r
  U18/CO (FADDX1_RVT)                      0.07       0.18 r
  U17/CO (FADDX1_RVT)                      0.07       0.25 r
  U16/CO (FADDX1_RVT)                      0.07       0.32 r
  U15/CO (FADDX1_RVT)                      0.07       0.39 r
  U20/S (FADDX1_RVT)                       0.09       0.48 f
  u_mon/d[5] (warning_cell_W8)             0.00       0.48 f
  u_mon/q_reg[5]/D (DFFARX1_RVT)           0.01       0.49 f
  data arrival time                                   0.49

  clock clk (rise edge)                    0.80       0.80
  clock network delay (ideal)              0.00       0.80
  clock uncertainty                       -0.04       0.76
  u_mon/q_reg[5]/CLK (DFFARX1_RVT)         0.00       0.76 r
  library setup time                      -0.02       0.74
  data required time                                  0.74
  -----------------------------------------------------------
  data required time                                  0.74
  data arrival time                                  -0.49
  -----------------------------------------------------------
  slack (MET)                                         0.25


  Startpoint: rb_reg[0] (rising edge-triggered flip-flop clocked by clk)
  Endpoint: u_mon/q_reg[4]
            (rising edge-triggered flip-flop clocked by clk)
  Path Group: clk
  Path Type: max

  Des/Clust/Port     Wire Load Model       Library
  ------------------------------------------------
  pipe_warning       8000                  saed32rvt_ff0p95vn40c

  Point                                    Incr       Path
  -----------------------------------------------------------
  clock clk (rise edge)                    0.00       0.00
  clock network delay (ideal)              0.00       0.00
  rb_reg[0]/CLK (DFFASX1_RVT)              0.00       0.00 r
  rb_reg[0]/QN (DFFASX1_RVT)               0.06       0.06 r
  U19/C1 (HADDX1_RVT)                      0.05       0.11 r
  U18/CO (FADDX1_RVT)                      0.07       0.18 r
  U17/CO (FADDX1_RVT)                      0.07       0.25 r
  U16/CO (FADDX1_RVT)                      0.07       0.32 r
  U15/S (FADDX1_RVT)                       0.09       0.41 f
  u_mon/d[4] (warning_cell_W8)             0.00       0.41 f
  u_mon/q_reg[4]/D (DFFARX1_RVT)           0.01       0.42 f
  data arrival time                                   0.42

  clock clk (rise edge)                    0.80       0.80
  clock network delay (ideal)              0.00       0.80
  clock uncertainty                       -0.04       0.76
  u_mon/q_reg[4]/CLK (DFFARX1_RVT)         0.00       0.76 r
  library setup time                      -0.02       0.74
  data required time                                  0.74
  -----------------------------------------------------------
  data required time                                  0.74
  data arrival time                                  -0.42
  -----------------------------------------------------------
  slack (MET)                                         0.32


1
