****************************************
Report : power
        -significant_digits 2
Design : pipe_razor
Version: U-2022.12-SP5
Date   : Sat Jun 27 22:16:42 2026
****************************************
Information: Activity for scenario default was cached, no propagation required. (POW-005)
Mode: default
Corner: default
Scenario: default
Voltage: 0.95
Temperature: 125.00

Voltage Unit         : 1V
Capacitance Unit     : 1fF
Time Unit            : 1ns
Temperature Unit     : 1C
Dynamic Power Unit   : 1pW
Leakage Power Unit   : 1pW

Switched supply net power scaling:
scaling for leakage power

Supply nets:
VDD (power) probability 1.00 (default)
VSS (ground) probability 1.00 (default)
Warning: Power table extrapolation (extrapolation mode) for port D on cell u_mon/q_reg[7] for parameter Tinp. Lowest table value = 0.016000, highest table value = 1.024000, value = 0.015068 (POW-046)
Warning: Power table extrapolation (extrapolation mode) for port CLK on cell u_mon/q_reg[7] for parameter Tinp. Lowest table value = 0.016000, highest table value = 1.024000, value = 0.000286 (POW-046)
Warning: Power table extrapolation (extrapolation mode) for port Q on cell u_mon/q_reg[7] for parameter Tinp. Lowest table value = 0.016000, highest table value = 1.024000, value = 0.000286 (POW-046)
Warning: Power table extrapolation (extrapolation mode) for port QN on cell u_mon/q_reg[7] for parameter Tinp. Lowest table value = 0.016000, highest table value = 1.024000, value = 0.000286 (POW-046)
Warning: Power table extrapolation (extrapolation mode) for port QN on cell u_mon/q_reg[7] for parameter Cout. Lowest table value = 0.000100, highest table value = 0.008000, value = 0.000000 (POW-046)
Warning: Power table extrapolation (extrapolation mode) for port D on cell u_mon/q_reg[6] for parameter Tinp. Lowest table value = 0.016000, highest table value = 1.024000, value = 0.015030 (POW-046)
Warning: Power table extrapolation (extrapolation mode) for port CLK on cell u_mon/q_reg[6] for parameter Tinp. Lowest table value = 0.016000, highest table value = 1.024000, value = 0.000286 (POW-046)
Warning: Power table extrapolation (extrapolation mode) for port Q on cell u_mon/q_reg[6] for parameter Tinp. Lowest table value = 0.016000, highest table value = 1.024000, value = 0.000286 (POW-046)
Warning: Power table extrapolation (extrapolation mode) for port QN on cell u_mon/q_reg[6] for parameter Tinp. Lowest table value = 0.016000, highest table value = 1.024000, value = 0.000286 (POW-046)
Warning: Power table extrapolation (extrapolation mode) for port QN on cell u_mon/q_reg[6] for parameter Cout. Lowest table value = 0.000100, highest table value = 0.008000, value = 0.000000 (POW-046)
Note - message 'POW-046' limit (10) exceeded. Remainder will be suppressed.

  Cell Internal Power    = 1.22e+07 pW ( 43.2%)
  Net Switching Power    = 1.60e+07 pW ( 56.8%)
Total Dynamic Power      = 2.82e+07 pW (100.0%)

Cell Leakage Power       = 1.81e+09 pW


  Attributes
  ----------
      u  -  User defined power group
      i  -  Includes clock pin internal power

Power Group         Internal Power        Switching Power          Leakage Power            Total Power    (   %  )    Attrs
-----------------------------------------------------------------------------------------------------------------------------
io_pad                    0.00e+00               0.00e+00               0.00e+00               0.00e+00    (  0.0%)         
memory                    0.00e+00               0.00e+00               0.00e+00               0.00e+00    (  0.0%)         
black_box                 0.00e+00               0.00e+00               0.00e+00               0.00e+00    (  0.0%)         
clock_network             2.03e+08               0.00e+00               0.00e+00               2.03e+08    ( 11.0%)        i
register                 -2.00e+08               5.10e+06               1.03e+09               8.34e+08    ( 45.3%)         
sequential               -1.76e+07               5.93e+05               1.35e+08               1.17e+08    (  6.4%)         
combinational             2.65e+07               1.04e+07               6.51e+08               6.88e+08    ( 37.3%)         
-----------------------------------------------------------------------------------------------------------------------------
Total                     1.22e+07 pW            1.60e+07 pW            1.81e+09 pW            1.84e+09 pW
1
