****************************************
Report : timing
        -path_type full
        -delay_type max
        -max_paths 5
        -report_by design
Design : pipe_dff
Version: U-2022.12-SP5
Date   : Sat Jun 27 22:13:34 2026
****************************************

  Startpoint: rb_reg[0] (rising edge-triggered flip-flop clocked by clk)
  Endpoint: u_mon/q_reg[7] (rising edge-triggered flip-flop clocked by clk)
  Mode: default
  Corner: default
  Scenario: default
  Path Group: clk
  Path Type: max

  Point                                            Incr      Path  
  ------------------------------------------------------------------------
  clock clk (rise edge)                            0.00      0.00
  clock network delay (propagated)                 0.00      0.00

  rb_reg[0]/CLK (DFFARX1_RVT)                      0.00      0.00 r
  rb_reg[0]/Q (DFFARX1_RVT)                        0.08      0.08 r
  U10/Y (NAND2X0_RVT)                              0.03      0.10 f
  U5/Y (INVX0_RVT)                                 0.02      0.12 r
  intadd_0/U8/CO (FADDX1_RVT)                      0.05      0.17 r
  intadd_0/U7/CO (FADDX1_RVT)                      0.05      0.22 r
  intadd_0/U6/CO (FADDX1_RVT)                      0.05      0.26 r
  intadd_0/U5/CO (FADDX1_RVT)                      0.05      0.31 r
  intadd_0/U4/CO (FADDX1_RVT)                      0.05      0.36 r
  intadd_0/U3/CO (FADDX1_RVT)                      0.05      0.41 r
  ctmTdsLR_2_53/Y (NAND2X0_RVT)                    0.02      0.42 f
  ctmTdsLR_1_52/Y (OA21X1_RVT)                     0.03      0.46 f
  u_mon/q_reg[7]/D (DFFARX1_RVT)                   0.00      0.46 f
  data arrival time                                          0.46

  clock clk (rise edge)                            0.80      0.80
  clock network delay (propagated)                 0.00      0.80
  u_mon/q_reg[7]/CLK (DFFARX1_RVT)                 0.00      0.80 r
  clock uncertainty                               -0.04      0.76
  library setup time                              -0.02      0.74
  data required time                                         0.74
  ------------------------------------------------------------------------
  data required time                                         0.74
  data arrival time                                         -0.46
  ------------------------------------------------------------------------
  slack (MET)                                                0.28



  Startpoint: rb_reg[0] (rising edge-triggered flip-flop clocked by clk)
  Endpoint: u_mon/q_reg[6] (rising edge-triggered flip-flop clocked by clk)
  Mode: default
  Corner: default
  Scenario: default
  Path Group: clk
  Path Type: max

  Point                                            Incr      Path  
  ------------------------------------------------------------------------
  clock clk (rise edge)                            0.00      0.00
  clock network delay (propagated)                 0.00      0.00

  rb_reg[0]/CLK (DFFARX1_RVT)                      0.00      0.00 r
  rb_reg[0]/Q (DFFARX1_RVT)                        0.08      0.08 r
  U10/Y (NAND2X0_RVT)                              0.03      0.10 f
  U5/Y (INVX0_RVT)                                 0.02      0.12 r
  intadd_0/U8/CO (FADDX1_RVT)                      0.05      0.17 r
  intadd_0/U7/CO (FADDX1_RVT)                      0.05      0.22 r
  intadd_0/U6/CO (FADDX1_RVT)                      0.05      0.26 r
  intadd_0/U5/CO (FADDX1_RVT)                      0.05      0.31 r
  intadd_0/U4/CO (FADDX1_RVT)                      0.05      0.36 r
  intadd_0/U3/S (FADDX1_RVT)                       0.07      0.43 f
  u_mon/q_reg[6]/D (DFFARX1_RVT)                   0.00      0.43 f
  data arrival time                                          0.43

  clock clk (rise edge)                            0.80      0.80
  clock network delay (propagated)                 0.00      0.80
  u_mon/q_reg[6]/CLK (DFFARX1_RVT)                 0.00      0.80 r
  clock uncertainty                               -0.04      0.76
  library setup time                              -0.02      0.74
  data required time                                         0.74
  ------------------------------------------------------------------------
  data required time                                         0.74
  data arrival time                                         -0.43
  ------------------------------------------------------------------------
  slack (MET)                                                0.31



  Startpoint: rb_reg[0] (rising edge-triggered flip-flop clocked by clk)
  Endpoint: u_mon/q_reg[5] (rising edge-triggered flip-flop clocked by clk)
  Mode: default
  Corner: default
  Scenario: default
  Path Group: clk
  Path Type: max

  Point                                            Incr      Path  
  ------------------------------------------------------------------------
  clock clk (rise edge)                            0.00      0.00
  clock network delay (propagated)                 0.00      0.00

  rb_reg[0]/CLK (DFFARX1_RVT)                      0.00      0.00 r
  rb_reg[0]/Q (DFFARX1_RVT)                        0.08      0.08 r
  U10/Y (NAND2X0_RVT)                              0.03      0.10 f
  U5/Y (INVX0_RVT)                                 0.02      0.12 r
  intadd_0/U8/CO (FADDX1_RVT)                      0.05      0.17 r
  intadd_0/U7/CO (FADDX1_RVT)                      0.05      0.22 r
  intadd_0/U6/CO (FADDX1_RVT)                      0.05      0.26 r
  intadd_0/U5/CO (FADDX1_RVT)                      0.05      0.31 r
  intadd_0/U4/S (FADDX1_RVT)                       0.07      0.38 f
  u_mon/q_reg[5]/D (DFFARX1_RVT)                   0.00      0.38 f
  data arrival time                                          0.38

  clock clk (rise edge)                            0.80      0.80
  clock network delay (propagated)                 0.00      0.80
  u_mon/q_reg[5]/CLK (DFFARX1_RVT)                 0.00      0.80 r
  clock uncertainty                               -0.04      0.76
  library setup time                              -0.02      0.74
  data required time                                         0.74
  ------------------------------------------------------------------------
  data required time                                         0.74
  data arrival time                                         -0.38
  ------------------------------------------------------------------------
  slack (MET)                                                0.36



  Startpoint: rb_reg[0] (rising edge-triggered flip-flop clocked by clk)
  Endpoint: u_mon/q_reg[4] (rising edge-triggered flip-flop clocked by clk)
  Mode: default
  Corner: default
  Scenario: default
  Path Group: clk
  Path Type: max

  Point                                            Incr      Path  
  ------------------------------------------------------------------------
  clock clk (rise edge)                            0.00      0.00
  clock network delay (propagated)                 0.00      0.00

  rb_reg[0]/CLK (DFFARX1_RVT)                      0.00      0.00 r
  rb_reg[0]/Q (DFFARX1_RVT)                        0.08      0.08 r
  U10/Y (NAND2X0_RVT)                              0.03      0.10 f
  U5/Y (INVX0_RVT)                                 0.02      0.12 r
  intadd_0/U8/CO (FADDX1_RVT)                      0.05      0.17 r
  intadd_0/U7/CO (FADDX1_RVT)                      0.05      0.22 r
  intadd_0/U6/CO (FADDX1_RVT)                      0.05      0.26 r
  intadd_0/U5/S (FADDX1_RVT)                       0.07      0.33 f
  u_mon/q_reg[4]/D (DFFARX1_RVT)                   0.00      0.33 f
  data arrival time                                          0.33

  clock clk (rise edge)                            0.80      0.80
  clock network delay (propagated)                 0.00      0.80
  u_mon/q_reg[4]/CLK (DFFARX1_RVT)                 0.00      0.80 r
  clock uncertainty                               -0.04      0.76
  library setup time                              -0.02      0.74
  data required time                                         0.74
  ------------------------------------------------------------------------
  data required time                                         0.74
  data arrival time                                         -0.33
  ------------------------------------------------------------------------
  slack (MET)                                                0.41



  Startpoint: rb_reg[0] (rising edge-triggered flip-flop clocked by clk)
  Endpoint: u_mon/q_reg[3] (rising edge-triggered flip-flop clocked by clk)
  Mode: default
  Corner: default
  Scenario: default
  Path Group: clk
  Path Type: max

  Point                                            Incr      Path  
  ------------------------------------------------------------------------
  clock clk (rise edge)                            0.00      0.00
  clock network delay (propagated)                 0.00      0.00

  rb_reg[0]/CLK (DFFARX1_RVT)                      0.00      0.00 r
  rb_reg[0]/Q (DFFARX1_RVT)                        0.08      0.08 r
  U10/Y (NAND2X0_RVT)                              0.03      0.10 f
  U5/Y (INVX0_RVT)                                 0.02      0.12 r
  intadd_0/U8/CO (FADDX1_RVT)                      0.05      0.17 r
  intadd_0/U7/CO (FADDX1_RVT)                      0.05      0.22 r
  intadd_0/U6/S (FADDX1_RVT)                       0.07      0.28 f
  u_mon/q_reg[3]/D (DFFARX1_RVT)                   0.00      0.28 f
  data arrival time                                          0.28

  clock clk (rise edge)                            0.80      0.80
  clock network delay (propagated)                 0.00      0.80
  u_mon/q_reg[3]/CLK (DFFARX1_RVT)                 0.00      0.80 r
  clock uncertainty                               -0.04      0.76
  library setup time                              -0.02      0.74
  data required time                                         0.74
  ------------------------------------------------------------------------
  data required time                                         0.74
  data arrival time                                         -0.28
  ------------------------------------------------------------------------
  slack (MET)                                                0.45


1
