****************************************
Report : report_utilization
Design : pipe_dff
Version: U-2022.12-SP5
Date   : Sat Jun 27 22:13:34 2026
****************************************
Utilization Ratio:			0.7566
Utilization options:
 - Area calculation based on:		site_row of block pipe_dff
 - Categories of objects excluded:	hard_macros macro_keepouts soft_macros io_cells hard_blockages 
Total Area:				363.4259
Total Capacity Area:			363.4259
Total Area of cells:			274.9838
Area of excluded objects:
 - hard_macros         :		0.0000
 - macro_keepouts      :		0.0000
 - soft_macros         :		0.0000
 - io_cells            :		0.0000
 - hard_blockages      :		0.0000
Total Area of excluded objects:		0.0000
Ratio of excluded objects:		0.0000

Utilization of site-rows with:
 - Site 'unit':				0.7566

0.7566
