Warning: Detected pins or ports without physical pin shapes. The first few such pins or ports are: a[7], a[6], a[5], a[4], a[3]. (DPPA-325)
****************************************
Report : qor
Design : pipe_razor
Version: U-2022.12-SP5
Date   : Sat Jun 27 22:16:42 2026
****************************************


Scenario           'default'
Timing Path Group  'clk'
----------------------------------------
Levels of Logic:                      8
Critical Path Length:              0.31
Critical Path Slack:              -1.97
Critical Path Clk Period:          0.80
Total Negative Slack:            -15.56
No. of Violating Paths:               8
Worst Hold Violation:              0.00
Total Hold Violation:              0.00
No. of Hold Violations:               0
----------------------------------------


Cell Count
----------------------------------------
Hierarchical Cell Count:              1
Hierarchical Port Count:             22
Leaf Cell Count:                    132
Buf/Inv Cell Count:                  24
Buf Cell Count:                       5
Inv Cell Count:                      19
CT Buf/Inv Cell Count:                0
Combinational Cell Count:            92
   Single-bit Isolation Cell Count:                        0
   Multi-bit Isolation Cell Count:                         0
   Isolation Cell Banking Ratio:                           0.00%
   Single-bit Level Shifter Cell Count:                    0
   Multi-bit Level Shifter Cell Count:                     0
   Level Shifter Cell Banking Ratio:                       0.00%
   Single-bit ELS Cell Count:                              0
   Multi-bit ELS Cell Count:                               0
   ELS Cell Banking Ratio:                                 0.00%
Sequential Cell Count:               40
   Integrated Clock-Gating Cell Count:                     0
   Sequential Macro Cell Count:                            0
   Single-bit Sequential Cell Count:                       36
   Multi-bit Sequential Cell Count:                        0
   Sequential Cell Banking Ratio:                          0.00%
   BitsPerflop:                                            1.00
Macro Count:                          0
----------------------------------------


Area
----------------------------------------
Combinational Area:              221.87
Noncombinational Area:           257.19
Buf/Inv Area:                     34.82
Total Buffer Area:                10.67
Total Inverter Area:              24.14
Macro/Black Box Area:              0.00
Net Area:                             0
Net XLength:                     543.42
Net YLength:                     588.90
----------------------------------------
Cell Area (netlist):                            479.06
Cell Area (netlist and physical only):          479.06
Net Length:                     1132.31


Design Rules
----------------------------------------
Total Number of Nets:               158
Nets with Violations:                 1
Max Trans Violations:                 0
Max Cap Violations:                   1
----------------------------------------

1
