****************************************
Report : timing
        -path_type full
        -delay_type max
        -max_paths 5
        -report_by design
Design : pipe_razor
Version: U-2022.12-SP5
Date   : Sat Jun 27 22:17:35 2026
****************************************

  Startpoint: u_mon/q_reg[0] (rising edge-triggered flip-flop clocked by clk)
  Endpoint: error (output port clocked by clk)
  Mode: default
  Corner: default
  Scenario: default
  Path Group: **reg2out_default**
  Path Type: max

  Point                                            Incr      Path  
  ------------------------------------------------------------------------
  clock clk (rise edge)                            0.00      0.00
  clock network delay (propagated)                 0.00      0.00

  u_mon/q_reg[0]/CLK (DFFARX1_RVT)                 0.00      0.00 r
  u_mon/q_reg[0]/QN (DFFARX1_RVT)                  0.06      0.06 r
  u_mon/U10/Y (AOI22X1_RVT)                        0.05      0.11 f
  u_mon/U11/Y (OA221X1_RVT)                        0.04      0.15 f
  u_mon/U12/Y (NAND4X0_RVT)                        0.02      0.17 r
  error (out)                                      0.00      0.17 r
  data arrival time                                          0.17

  clock clk (rise edge)                            1.50      1.50
  clock network delay (propagated)                 0.00      1.50
  clock uncertainty                               -0.08      1.43
  output external delay                           -0.30      1.13
  data required time                                         1.13
  ------------------------------------------------------------------------
  data required time                                         1.13
  data arrival time                                         -0.17
  ------------------------------------------------------------------------
  slack (MET)                                                0.95



  Startpoint: ra_reg[1] (rising edge-triggered flip-flop clocked by clk)
  Endpoint: u_mon/q_reg[7] (rising edge-triggered flip-flop clocked by clk)
  Mode: default
  Corner: default
  Scenario: default
  Path Group: clk
  Path Type: max

  Point                                            Incr      Path  
  ------------------------------------------------------------------------
  clock clk (rise edge)                            0.00      0.00
  clock network delay (propagated)                 0.00      0.00

  ra_reg[1]/CLK (DFFARX1_RVT)                      0.00      0.00 r
  ra_reg[1]/Q (DFFARX1_RVT)                        0.08      0.08 f
  ctmTdsLR_3_68/Y (INVX0_RVT)                      0.01      0.09 r
  ctmTdsLR_1_66/Y (NAND2X0_RVT)                    0.05      0.14 f
  U24/Y (AOI21X1_RVT)                              0.06      0.20 r
  ctmTdsLR_2_92/Y (OA221X1_RVT)                    0.04      0.24 r
  ctmTdsLR_1_91/Y (INVX0_RVT)                      0.04      0.27 f
  ctmTdsLR_2_107/Y (NAND3X0_RVT)                   0.02      0.30 r
  ctmTdsLR_1_106/Y (NAND3X0_RVT)                   0.04      0.33 f
  ctmTdsLR_3_112/Y (NAND2X0_RVT)                   0.03      0.36 r
  ctmTdsLR_1_110/Y (OA21X1_RVT)                    0.04      0.40 r
  u_mon/q_reg[7]/D (DFFARX1_RVT)                   0.00      0.40 r
  data arrival time                                          0.40

  clock clk (rise edge)                            1.50      1.50
  clock network delay (propagated)                 0.00      1.50
  u_mon/q_reg[7]/CLK (DFFARX1_RVT)                 0.00      1.50 r
  clock uncertainty                               -0.08      1.42
  library setup time                              -0.03      1.40
  data required time                                         1.40
  ------------------------------------------------------------------------
  data required time                                         1.40
  data arrival time                                         -0.40
  ------------------------------------------------------------------------
  slack (MET)                                                1.00



  Startpoint: ra_reg[1] (rising edge-triggered flip-flop clocked by clk)
  Endpoint: u_mon/q_reg[6] (rising edge-triggered flip-flop clocked by clk)
  Mode: default
  Corner: default
  Scenario: default
  Path Group: clk
  Path Type: max

  Point                                            Incr      Path  
  ------------------------------------------------------------------------
  clock clk (rise edge)                            0.00      0.00
  clock network delay (propagated)                 0.00      0.00

  ra_reg[1]/CLK (DFFARX1_RVT)                      0.00      0.00 r
  ra_reg[1]/Q (DFFARX1_RVT)                        0.08      0.08 f
  ctmTdsLR_3_68/Y (INVX0_RVT)                      0.01      0.09 r
  ctmTdsLR_1_66/Y (NAND2X0_RVT)                    0.05      0.14 f
  U24/Y (AOI21X1_RVT)                              0.06      0.20 r
  ctmTdsLR_2_92/Y (OA221X1_RVT)                    0.04      0.24 r
  ctmTdsLR_1_91/Y (INVX0_RVT)                      0.04      0.27 f
  U52/Y (AO21X1_RVT)                               0.04      0.31 f
  ctmTdsLR_2_105/Y (NAND2X0_RVT)                   0.02      0.34 r
  ctmTdsLR_1_104/Y (OAI21X1_RVT)                   0.05      0.39 f
  u_mon/q_reg[6]/D (DFFARX1_RVT)                   0.00      0.39 f
  data arrival time                                          0.39

  clock clk (rise edge)                            1.50      1.50
  clock network delay (propagated)                 0.00      1.50
  u_mon/q_reg[6]/CLK (DFFARX1_RVT)                 0.00      1.50 r
  clock uncertainty                               -0.08      1.43
  library setup time                              -0.02      1.40
  data required time                                         1.40
  ------------------------------------------------------------------------
  data required time                                         1.40
  data arrival time                                         -0.39
  ------------------------------------------------------------------------
  slack (MET)                                                1.01



  Startpoint: ra_reg[1] (rising edge-triggered flip-flop clocked by clk)
  Endpoint: u_mon/q_reg[5] (rising edge-triggered flip-flop clocked by clk)
  Mode: default
  Corner: default
  Scenario: default
  Path Group: clk
  Path Type: max

  Point                                            Incr      Path  
  ------------------------------------------------------------------------
  clock clk (rise edge)                            0.00      0.00
  clock network delay (propagated)                 0.00      0.00

  ra_reg[1]/CLK (DFFARX1_RVT)                      0.00      0.00 r
  ra_reg[1]/Q (DFFARX1_RVT)                        0.08      0.08 f
  ctmTdsLR_3_68/Y (INVX0_RVT)                      0.01      0.09 r
  ctmTdsLR_1_66/Y (NAND2X0_RVT)                    0.05      0.14 f
  U24/Y (AOI21X1_RVT)                              0.06      0.20 r
  ctmTdsLR_2_92/Y (OA221X1_RVT)                    0.04      0.24 r
  ctmTdsLR_1_91/Y (INVX0_RVT)                      0.04      0.27 f
  U38/Y (AO21X1_RVT)                               0.04      0.31 f
  ctmTdsLR_2_103/Y (NAND2X0_RVT)                   0.02      0.33 r
  ctmTdsLR_1_102/Y (OAI21X1_RVT)                   0.05      0.39 f
  u_mon/q_reg[5]/D (DFFARX1_RVT)                   0.00      0.39 f
  data arrival time                                          0.39

  clock clk (rise edge)                            1.50      1.50
  clock network delay (propagated)                 0.00      1.50
  u_mon/q_reg[5]/CLK (DFFARX1_RVT)                 0.00      1.50 r
  clock uncertainty                               -0.08      1.43
  library setup time                              -0.02      1.40
  data required time                                         1.40
  ------------------------------------------------------------------------
  data required time                                         1.40
  data arrival time                                         -0.39
  ------------------------------------------------------------------------
  slack (MET)                                                1.02



  Startpoint: ra_reg[1] (rising edge-triggered flip-flop clocked by clk)
  Endpoint: u_mon/q_reg[4] (rising edge-triggered flip-flop clocked by clk)
  Mode: default
  Corner: default
  Scenario: default
  Path Group: clk
  Path Type: max

  Point                                            Incr      Path  
  ------------------------------------------------------------------------
  clock clk (rise edge)                            0.00      0.00
  clock network delay (propagated)                 0.00      0.00

  ra_reg[1]/CLK (DFFARX1_RVT)                      0.00      0.00 r
  ra_reg[1]/Q (DFFARX1_RVT)                        0.08      0.08 f
  ctmTdsLR_3_68/Y (INVX0_RVT)                      0.01      0.09 r
  ctmTdsLR_1_66/Y (NAND2X0_RVT)                    0.05      0.14 f
  U24/Y (AOI21X1_RVT)                              0.06      0.20 r
  ctmTdsLR_2_92/Y (OA221X1_RVT)                    0.04      0.24 r
  ctmTdsLR_1_91/Y (INVX0_RVT)                      0.04      0.27 f
  ctmTdsLR_2_101/Y (NAND2X0_RVT)                   0.03      0.30 r
  ctmTdsLR_1_100/Y (OAI21X1_RVT)                   0.05      0.36 f
  u_mon/q_reg[4]/D (DFFARX1_RVT)                   0.00      0.36 f
  data arrival time                                          0.36

  clock clk (rise edge)                            1.50      1.50
  clock network delay (propagated)                 0.00      1.50
  u_mon/q_reg[4]/CLK (DFFARX1_RVT)                 0.00      1.50 r
  clock uncertainty                               -0.08      1.43
  library setup time                              -0.02      1.40
  data required time                                         1.40
  ------------------------------------------------------------------------
  data required time                                         1.40
  data arrival time                                         -0.36
  ------------------------------------------------------------------------
  slack (MET)                                                1.05


1
