 
****************************************
Report : power
        -analysis_effort low
Design : pipe_razor
Version: R-2020.09-SP5-5
Date   : Sat Jun 27 22:16:52 2026
****************************************


Library(s) Used:

    saed32rvt_ss0p75v125c (File: /home/VCSadmin/32-28nm_EDK_01312018/SAED32_EDK/lib/stdcell_rvt/db_nldm/saed32rvt_ss0p75v125c.db)


Operating Conditions: ss0p75v125c   Library: saed32rvt_ss0p75v125c
Wire Load Model Mode: enclosed

Design        Wire Load Model            Library
------------------------------------------------
pipe_razor             8000              saed32rvt_ss0p75v125c
razor_cell_W8          ForQA             saed32rvt_ss0p75v125c


Global Operating Voltage = 0.75 
Power-specific unit information :
    Voltage Units = 1V
    Capacitance Units = 1.000000ff
    Time Units = 1ns
    Dynamic Power Units = 1uW    (derived from V,C,T units)
    Leakage Power Units = 1pW


  Cell Internal Power  =  81.7171 uW   (96%)
  Net Switching Power  =   3.1037 uW    (4%)
                         ---------
Total Dynamic Power    =  84.8208 uW  (100%)

Cell Leakage Power     =   8.7677 uW


                 Internal         Switching           Leakage            Total
Power Group      Power            Power               Power              Power   (   %    )  Attrs
--------------------------------------------------------------------------------------------------
io_pad             0.0000            0.0000            0.0000            0.0000  (   0.00%)
memory             0.0000            0.0000            0.0000            0.0000  (   0.00%)
black_box          0.0000            0.0000            0.0000            0.0000  (   0.00%)
clock_network      0.0000            0.0000            0.0000            0.0000  (   0.00%)
register          76.5874            0.8044        5.5217e+06           82.9135  (  88.59%)
sequential         0.6777            0.2294        1.2152e+06            2.1223  (   2.27%)
combinational      4.4520            2.0698        2.0308e+06            8.5526  (   9.14%)
--------------------------------------------------------------------------------------------------
Total             81.7171 uW         3.1037 uW     8.7677e+06 pW        93.5885 uW
1
