Warning: Detected pins or ports without physical pin shapes. The first few such pins or ports are: a[7], a[6], a[5], a[4], a[3]. (DPPA-325)
****************************************
Report : qor
Design : pipe_dff
Version: U-2022.12-SP5
Date   : Sat Jun 27 22:13:34 2026
****************************************


Scenario           'default'
Timing Path Group  '**in2reg_default**'
----------------------------------------
Levels of Logic:                      2
Critical Path Length:              0.25
Critical Path Slack:               0.56
Critical Path Clk Period:          0.80
Total Negative Slack:              0.00
No. of Violating Paths:               0
Worst Hold Violation:              0.00
Total Hold Violation:              0.00
No. of Hold Violations:               0
----------------------------------------

Scenario           'default'
Timing Path Group  '**reg2out_default**'
----------------------------------------
Levels of Logic:                      0
Critical Path Length:              0.08
Critical Path Slack:               0.52
Critical Path Clk Period:          0.80
Total Negative Slack:              0.00
No. of Violating Paths:               0
Worst Hold Violation:              0.00
Total Hold Violation:              0.00
No. of Hold Violations:               0
----------------------------------------

Scenario           'default'
Timing Path Group  'clk'
----------------------------------------
Levels of Logic:                     10
Critical Path Length:              0.46
Critical Path Slack:               0.28
Critical Path Clk Period:          0.80
Total Negative Slack:              0.00
No. of Violating Paths:               0
Worst Hold Violation:              0.00
Total Hold Violation:              0.00
No. of Hold Violations:               0
----------------------------------------


Cell Count
----------------------------------------
Hierarchical Cell Count:              1
Hierarchical Port Count:             20
Leaf Cell Count:                     46
Buf/Inv Cell Count:                   3
Buf Cell Count:                       2
Inv Cell Count:                       1
CT Buf/Inv Cell Count:                0
Combinational Cell Count:            14
   Single-bit Isolation Cell Count:                        0
   Multi-bit Isolation Cell Count:                         0
   Isolation Cell Banking Ratio:                           0.00%
   Single-bit Level Shifter Cell Count:                    0
   Multi-bit Level Shifter Cell Count:                     0
   Level Shifter Cell Banking Ratio:                       0.00%
   Single-bit ELS Cell Count:                              0
   Multi-bit ELS Cell Count:                               0
   ELS Cell Banking Ratio:                                 0.00%
Sequential Cell Count:               32
   Integrated Clock-Gating Cell Count:                     0
   Sequential Macro Cell Count:                            0
   Single-bit Sequential Cell Count:                       32
   Multi-bit Sequential Cell Count:                        0
   Sequential Cell Banking Ratio:                          0.00%
   BitsPerflop:                                            1.00
Macro Count:                          0
----------------------------------------


Area
----------------------------------------
Combinational Area:               47.27
Noncombinational Area:           227.71
Buf/Inv Area:                      5.85
Total Buffer Area:                 4.57
Total Inverter Area:               1.27
Macro/Black Box Area:              0.00
Net Area:                             0
Net XLength:                     282.25
Net YLength:                     333.27
----------------------------------------
Cell Area (netlist):                            274.98
Cell Area (netlist and physical only):          274.98
Net Length:                      615.52


Design Rules
----------------------------------------
Total Number of Nets:                72
Nets with Violations:                 0
Max Trans Violations:                 0
Max Cap Violations:                   0
----------------------------------------

1
