 
****************************************
Report : power
        -analysis_effort low
Design : pipe_warning
Version: R-2020.09-SP5-5
Date   : Sat Jun 27 22:17:46 2026
****************************************


Library(s) Used:

    saed32rvt_ff0p95vn40c (File: /home/VCSadmin/32-28nm_EDK_01312018/SAED32_EDK/lib/stdcell_rvt/db_nldm/saed32rvt_ff0p95vn40c.db)


Operating Conditions: ff0p95vn40c   Library: saed32rvt_ff0p95vn40c
Wire Load Model Mode: enclosed

Design        Wire Load Model            Library
------------------------------------------------
pipe_warning           8000              saed32rvt_ff0p95vn40c
warning_cell_W8        ForQA             saed32rvt_ff0p95vn40c
delay_line_LEN4        ForQA             saed32rvt_ff0p95vn40c
delay_line_LEN3        ForQA             saed32rvt_ff0p95vn40c
sr_latch               ForQA             saed32rvt_ff0p95vn40c


Global Operating Voltage = 0.95 
Power-specific unit information :
    Voltage Units = 1V
    Capacitance Units = 1.000000ff
    Time Units = 1ns
    Dynamic Power Units = 1uW    (derived from V,C,T units)
    Leakage Power Units = 1pW


  Cell Internal Power  = 213.0885 uW   (96%)
  Net Switching Power  =   7.8234 uW    (4%)
                         ---------
Total Dynamic Power    = 220.9119 uW  (100%)

Cell Leakage Power     = 192.3246 uW


                 Internal         Switching           Leakage            Total
Power Group      Power            Power               Power              Power   (   %    )  Attrs
--------------------------------------------------------------------------------------------------
io_pad             0.0000            0.0000            0.0000            0.0000  (   0.00%)
memory             0.0000            0.0000            0.0000            0.0000  (   0.00%)
black_box          0.0000            0.0000            0.0000            0.0000  (   0.00%)
clock_network      7.9155            2.3399        3.1171e+06           13.3724  (   3.24%)
register         199.9736            1.8884        1.6400e+08          365.8659  (  88.54%)
sequential         0.0000            0.0000            0.0000            0.0000  (   0.00%)
combinational      5.1995            3.5951        2.5204e+07           33.9981  (   8.23%)
--------------------------------------------------------------------------------------------------
Total            213.0885 uW         7.8234 uW     1.9232e+08 pW       413.2365 uW
1
