****************************************
Report : report_utilization
Design : pipe_razor
Version: U-2022.12-SP5
Date   : Sat Jun 27 22:17:35 2026
****************************************
Utilization Ratio:			0.7378
Utilization options:
 - Area calculation based on:		site_row of block pipe_razor
 - Categories of objects excluded:	hard_macros macro_keepouts soft_macros io_cells hard_blockages 
Total Area:				572.8406
Total Capacity Area:			572.8406
Total Area of cells:			422.6415
Area of excluded objects:
 - hard_macros         :		0.0000
 - macro_keepouts      :		0.0000
 - soft_macros         :		0.0000
 - io_cells            :		0.0000
 - hard_blockages      :		0.0000
Total Area of excluded objects:		0.0000
Ratio of excluded objects:		0.0000

Utilization of site-rows with:
 - Site 'unit':				0.7378

0.7378
