Warning: Detected pins or ports without physical pin shapes. The first few such pins or ports are: a[7], a[6], a[5], a[4], a[3]. (DPPA-325)
****************************************
Report : qor
Design : pipe_warning
Version: U-2022.12-SP5
Date   : Sat Jun 27 22:18:36 2026
****************************************


Scenario           'default'
Timing Path Group  '**in2reg_default**'
----------------------------------------
Levels of Logic:                      3
Critical Path Length:              0.29
Critical Path Slack:               0.46
Critical Path Clk Period:          0.80
Total Negative Slack:              0.00
No. of Violating Paths:               0
Worst Hold Violation:              0.00
Total Hold Violation:              0.00
No. of Hold Violations:               0
----------------------------------------

Scenario           'default'
Timing Path Group  '**reg2out_default**'
----------------------------------------
Levels of Logic:                     11
Critical Path Length:              0.49
Critical Path Slack:               0.11
Critical Path Clk Period:          0.80
Total Negative Slack:              0.00
No. of Violating Paths:               0
Worst Hold Violation:              0.00
Total Hold Violation:              0.00
No. of Hold Violations:               0
----------------------------------------

Scenario           'default'
Timing Path Group  '**in2out_default**'
----------------------------------------
Levels of Logic:                      4
Critical Path Length:              0.11
Critical Path Slack:               0.09
Critical Path Clk Period:          0.80
Total Negative Slack:              0.00
No. of Violating Paths:               0
Worst Hold Violation:              0.00
Total Hold Violation:              0.00
No. of Hold Violations:               0
----------------------------------------

Scenario           'default'
Timing Path Group  'clk'
----------------------------------------
Levels of Logic:                      8
Critical Path Length:              0.39
Critical Path Slack:              -0.01
Critical Path Clk Period:          0.80
Total Negative Slack:             -0.02
No. of Violating Paths:               2
Worst Hold Violation:             -0.16
Total Hold Violation:             -0.32
No. of Hold Violations:               2
----------------------------------------


Cell Count
----------------------------------------
Hierarchical Cell Count:              4
Hierarchical Port Count:             30
Leaf Cell Count:                    100
Buf/Inv Cell Count:                  34
Buf Cell Count:                      19
Inv Cell Count:                      15
CT Buf/Inv Cell Count:                0
Combinational Cell Count:            68
   Single-bit Isolation Cell Count:                        0
   Multi-bit Isolation Cell Count:                         0
   Isolation Cell Banking Ratio:                           0.00%
   Single-bit Level Shifter Cell Count:                    0
   Multi-bit Level Shifter Cell Count:                     0
   Level Shifter Cell Banking Ratio:                       0.00%
   Single-bit ELS Cell Count:                              0
   Multi-bit ELS Cell Count:                               0
   ELS Cell Banking Ratio:                                 0.00%
Sequential Cell Count:               32
   Integrated Clock-Gating Cell Count:                     0
   Sequential Macro Cell Count:                            0
   Single-bit Sequential Cell Count:                       32
   Multi-bit Sequential Cell Count:                        0
   Sequential Cell Banking Ratio:                          0.00%
   BitsPerflop:                                            1.00
Macro Count:                          0
----------------------------------------


Area
----------------------------------------
Combinational Area:              181.46
Noncombinational Area:           227.71
Buf/Inv Area:                     77.01
Total Buffer Area:                57.94
Total Inverter Area:              19.06
Macro/Black Box Area:              0.00
Net Area:                             0
Net XLength:                     544.82
Net YLength:                     650.07
----------------------------------------
Cell Area (netlist):                            409.17
Cell Area (netlist and physical only):          409.17
Net Length:                     1194.89


Design Rules
----------------------------------------
Total Number of Nets:               121
Nets with Violations:                 1
Max Trans Violations:                 0
Max Cap Violations:                   1
----------------------------------------

1
