 
****************************************
Report : area
Design : pipe_warning
Version: R-2020.09-SP5-5
Date   : Sat Jun 27 22:17:46 2026
****************************************

Information: Updating design information... (UID-85)
Information: Timing loop detected. (OPT-150)
	u_mon/u_sr/U2/A1 u_mon/u_sr/U2/Y 
Warning: Disabling timing arc between pins 'A1' and 'Y' on cell 'u_mon/u_sr/U2'
         to break a timing loop. (OPT-314)
Warning: Disabling timing arc between pins 'A1' and 'Y' on cell 'u_mon/u_sr/U2'
         to break a timing loop. (OPT-314)
Library(s) Used:

    saed32rvt_ff0p95vn40c (File: /home/VCSadmin/32-28nm_EDK_01312018/SAED32_EDK/lib/stdcell_rvt/db_nldm/saed32rvt_ff0p95vn40c.db)

Number of ports:                           53
Number of nets:                           112
Number of cells:                           65
Number of combinational cells:             28
Number of sequential cells:                32
Number of macros/black boxes:               0
Number of buf/inv:                         17
Number of references:                       7

Combinational area:                 69.889599
Buf/Inv area:                       23.889536
Noncombinational area:             227.713028
Macro/Black Box area:                0.000000
Net Interconnect area:              43.962319

Total cell area:                   297.602627
Total area:                        341.564946
1
