Warning: Detected pins or ports without physical pin shapes. The first few such pins or ports are: rst_n, a[7], a[6], a[5], a[4]. (DPPA-325)
****************************************
Report : qor
Design : pipe_razor
Version: U-2022.12-SP5
Date   : Sat Jun 27 22:17:35 2026
****************************************


Scenario           'default'
Timing Path Group  '**in2reg_default**'
----------------------------------------
Levels of Logic:                      3
Critical Path Length:              0.42
Critical Path Slack:               1.05
Critical Path Clk Period:          1.50
Total Negative Slack:              0.00
No. of Violating Paths:               0
Worst Hold Violation:              0.00
Total Hold Violation:              0.00
No. of Hold Violations:               0
----------------------------------------

Scenario           'default'
Timing Path Group  '**reg2out_default**'
----------------------------------------
Levels of Logic:                      3
Critical Path Length:              0.17
Critical Path Slack:               0.95
Critical Path Clk Period:          1.50
Total Negative Slack:              0.00
No. of Violating Paths:               0
Worst Hold Violation:              0.00
Total Hold Violation:              0.00
No. of Hold Violations:               0
----------------------------------------

Scenario           'default'
Timing Path Group  'clk'
----------------------------------------
Levels of Logic:                      9
Critical Path Length:              0.40
Critical Path Slack:               1.00
Critical Path Clk Period:          1.50
Total Negative Slack:              0.00
No. of Violating Paths:               0
Worst Hold Violation:              0.00
Total Hold Violation:              0.00
No. of Hold Violations:               0
----------------------------------------


Cell Count
----------------------------------------
Hierarchical Cell Count:              1
Hierarchical Port Count:             22
Leaf Cell Count:                    120
Buf/Inv Cell Count:                  28
Buf Cell Count:                       1
Inv Cell Count:                      27
CT Buf/Inv Cell Count:                0
Combinational Cell Count:            80
   Single-bit Isolation Cell Count:                        0
   Multi-bit Isolation Cell Count:                         0
   Isolation Cell Banking Ratio:                           0.00%
   Single-bit Level Shifter Cell Count:                    0
   Multi-bit Level Shifter Cell Count:                     0
   Level Shifter Cell Banking Ratio:                       0.00%
   Single-bit ELS Cell Count:                              0
   Multi-bit ELS Cell Count:                               0
   ELS Cell Banking Ratio:                                 0.00%
Sequential Cell Count:               40
   Integrated Clock-Gating Cell Count:                     0
   Sequential Macro Cell Count:                            0
   Single-bit Sequential Cell Count:                       40
   Multi-bit Sequential Cell Count:                        0
   Sequential Cell Banking Ratio:                          0.00%
   BitsPerflop:                                            1.00
Macro Count:                          0
----------------------------------------


Area
----------------------------------------
Combinational Area:              154.27
Noncombinational Area:           268.38
Buf/Inv Area:                     37.36
Total Buffer Area:                 2.03
Total Inverter Area:              35.33
Macro/Black Box Area:              0.00
Net Area:                             0
Net XLength:                     602.98
Net YLength:                     634.76
----------------------------------------
Cell Area (netlist):                            422.64
Cell Area (netlist and physical only):          422.64
Net Length:                     1237.74


Design Rules
----------------------------------------
Total Number of Nets:               149
Nets with Violations:                 0
Max Trans Violations:                 0
Max Cap Violations:                   0
----------------------------------------

1
