 
****************************************
Report : power
        -analysis_effort low
Design : pipe_dff
Version: R-2020.09-SP5-5
Date   : Sat Jun 27 22:14:51 2026
****************************************


Library(s) Used:

    saed32rvt_ss0p75v125c (File: /home/VCSadmin/32-28nm_EDK_01312018/SAED32_EDK/lib/stdcell_rvt/db_nldm/saed32rvt_ss0p75v125c.db)


Operating Conditions: ss0p75v125c   Library: saed32rvt_ss0p75v125c
Wire Load Model Mode: enclosed

Design        Wire Load Model            Library
------------------------------------------------
pipe_dff               8000              saed32rvt_ss0p75v125c
dff_cell_W8            ForQA             saed32rvt_ss0p75v125c


Global Operating Voltage = 0.75 
Power-specific unit information :
    Voltage Units = 1V
    Capacitance Units = 1.000000ff
    Time Units = 1ns
    Dynamic Power Units = 1uW    (derived from V,C,T units)
    Leakage Power Units = 1pW


  Cell Internal Power  =  78.1699 uW   (97%)
  Net Switching Power  =   2.1102 uW    (3%)
                         ---------
Total Dynamic Power    =  80.2802 uW  (100%)

Cell Leakage Power     =   7.1890 uW


                 Internal         Switching           Leakage            Total
Power Group      Power            Power               Power              Power   (   %    )  Attrs
--------------------------------------------------------------------------------------------------
io_pad             0.0000            0.0000            0.0000            0.0000  (   0.00%)
memory             0.0000            0.0000            0.0000            0.0000  (   0.00%)
black_box          0.0000            0.0000            0.0000            0.0000  (   0.00%)
clock_network      0.0000            0.0000            0.0000            0.0000  (   0.00%)
register          74.8786            0.4520        5.5164e+06           80.8470  (  92.43%)
sequential         0.0000            0.0000            0.0000            0.0000  (   0.00%)
combinational      3.2913            1.6582        1.6727e+06            6.6222  (   7.57%)
--------------------------------------------------------------------------------------------------
Total             78.1699 uW         2.1102 uW     7.1890e+06 pW        87.4692 uW
1
