 
****************************************
Report : qor
Design : pipe_razor
Version: R-2020.09-SP5-5
Date   : Sat Jun 27 22:16:52 2026
****************************************


  Timing Path Group 'clk'
  -----------------------------------
  Levels of Logic:               5.00
  Critical Path Length:          1.27
  Critical Path Slack:           0.02
  Critical Path Clk Period:      1.50
  Total Negative Slack:          0.00
  No. of Violating Paths:        0.00
  Worst Hold Violation:          0.00
  Total Hold Violation:          0.00
  No. of Hold Violations:        0.00
  -----------------------------------


  Cell Count
  -----------------------------------
  Hierarchical Cell Count:          1
  Hierarchical Port Count:         20
  Leaf Cell Count:                105
  Buf/Inv Cell Count:              15
  Buf Cell Count:                   0
  Inv Cell Count:                  15
  CT Buf/Inv Cell Count:            0
  Combinational Cell Count:        65
  Sequential Cell Count:           40
  Macro Count:                      0
  -----------------------------------


  Area
  -----------------------------------
  Combinational Area:      153.502976
  Noncombinational Area:   268.376068
  Buf/Inv Area:             19.314944
  Total Buffer Area:             0.00
  Total Inverter Area:          19.31
  Macro/Black Box Area:      0.000000
  Net Area:                 55.738425
  -----------------------------------
  Cell Area:               421.879044
  Design Area:             477.617469


  Design Rules
  -----------------------------------
  Total Number of Nets:           132
  Nets With Violations:             0
  Max Trans Violations:             0
  Max Cap Violations:               0
  -----------------------------------


  Hostname: synopsys.stbzu.edu

  Compile CPU Statistics
  -----------------------------------------
  Resource Sharing:                    0.03
  Logic Optimization:                  0.10
  Mapping Optimization:                0.33
  -----------------------------------------
  Overall Compile Time:                4.93
  Overall Compile Wall Clock Time:     5.18

  --------------------------------------------------------------------

  Design  WNS: 0.00  TNS: 0.00  Number of Violating Paths: 0


  Design (Hold)  WNS: 0.00  TNS: 0.00  Number of Violating Paths: 0

  --------------------------------------------------------------------


1
