 
****************************************
Report : timing
        -path full
        -delay max
        -max_paths 5
Design : pipe_razor
Version: R-2020.09-SP5-5
Date   : Sat Jun 27 22:15:44 2026
****************************************

Operating Conditions: ff0p95vn40c   Library: saed32rvt_ff0p95vn40c
Wire Load Model Mode: enclosed

  Startpoint: u_mon/shadow_reg[4]
              (positive level-sensitive latch clocked by clk_del)
  Endpoint: error (output port clocked by clk)
  Path Group: clk
  Path Type: max

  Des/Clust/Port     Wire Load Model       Library
  ------------------------------------------------
  pipe_razor         8000                  saed32rvt_ff0p95vn40c
  razor_cell_W8      ForQA                 saed32rvt_ff0p95vn40c

  Point                                    Incr       Path
  -----------------------------------------------------------
  clock clk_del (rise edge)                0.40       0.40
  clock network delay (ideal)              0.00       0.40
  time given to startpoint                 0.78       1.18
  u_mon/shadow_reg[4]/D (LATCHX1_RVT)      0.00       1.18 f
  u_mon/shadow_reg[4]/Q (LATCHX1_RVT)      0.03       1.21 f
  u_mon/U11/Y (XOR2X1_RVT)                 0.06       1.27 r
  u_mon/U24/Y (AND4X1_RVT)                 0.04       1.31 r
  u_mon/U26/Y (NAND4X0_RVT)                0.03       1.34 f
  u_mon/error (razor_cell_W8)              0.00       1.34 f
  error (out)                              0.00       1.34 f
  data arrival time                                   1.34

  clock clk (rise edge)                    0.80       0.80
  clock network delay (ideal)              0.00       0.80
  clock uncertainty                       -0.04       0.76
  output external delay                   -0.16       0.60
  data required time                                  0.60
  -----------------------------------------------------------
  data required time                                  0.60
  data arrival time                                  -1.34
  -----------------------------------------------------------
  slack (VIOLATED)                                   -0.74


  Startpoint: rb_reg[0] (rising edge-triggered flip-flop clocked by clk)
  Endpoint: u_mon/q_reg[7]
            (rising edge-triggered flip-flop clocked by clk)
  Path Group: clk
  Path Type: max

  Des/Clust/Port     Wire Load Model       Library
  ------------------------------------------------
  pipe_razor         8000                  saed32rvt_ff0p95vn40c

  Point                                    Incr       Path
  -----------------------------------------------------------
  clock clk (rise edge)                    0.00       0.00
  clock network delay (ideal)              0.00       0.00
  rb_reg[0]/CLK (DFFARX1_RVT)              0.00       0.00 r
  rb_reg[0]/Q (DFFARX1_RVT)                0.07       0.07 r
  U5/C1 (HADDX2_RVT)                       0.05       0.12 r
  U13/CO (FADDX1_RVT)                      0.07       0.19 r
  U12/CO (FADDX1_RVT)                      0.07       0.26 r
  U11/CO (FADDX1_RVT)                      0.07       0.33 r
  U10/CO (FADDX1_RVT)                      0.07       0.40 r
  U9/CO (FADDX1_RVT)                       0.07       0.47 r
  U8/CO (FADDX1_RVT)                       0.07       0.53 r
  U7/Y (XOR3X1_RVT)                        0.06       0.59 f
  u_mon/d[7] (razor_cell_W8)               0.00       0.59 f
  u_mon/q_reg[7]/D (DFFARX1_RVT)           0.14       0.74 f
  data arrival time                                   0.74

  clock clk (rise edge)                    0.80       0.80
  clock network delay (ideal)              0.00       0.80
  clock uncertainty                       -0.04       0.76
  u_mon/q_reg[7]/CLK (DFFARX1_RVT)         0.00       0.76 r
  library setup time                      -0.02       0.74
  data required time                                  0.74
  -----------------------------------------------------------
  data required time                                  0.74
  data arrival time                                  -0.74
  -----------------------------------------------------------
  slack (MET)                                         0.00


  Startpoint: rb_reg[0] (rising edge-triggered flip-flop clocked by clk)
  Endpoint: u_mon/q_reg[6]
            (rising edge-triggered flip-flop clocked by clk)
  Path Group: clk
  Path Type: max

  Des/Clust/Port     Wire Load Model       Library
  ------------------------------------------------
  pipe_razor         8000                  saed32rvt_ff0p95vn40c

  Point                                    Incr       Path
  -----------------------------------------------------------
  clock clk (rise edge)                    0.00       0.00
  clock network delay (ideal)              0.00       0.00
  rb_reg[0]/CLK (DFFARX1_RVT)              0.00       0.00 r
  rb_reg[0]/Q (DFFARX1_RVT)                0.07       0.07 r
  U5/C1 (HADDX2_RVT)                       0.05       0.12 r
  U13/CO (FADDX1_RVT)                      0.07       0.19 r
  U12/CO (FADDX1_RVT)                      0.07       0.26 r
  U11/CO (FADDX1_RVT)                      0.07       0.33 r
  U10/CO (FADDX1_RVT)                      0.07       0.40 r
  U9/CO (FADDX1_RVT)                       0.07       0.47 r
  U8/S (FADDX1_RVT)                        0.09       0.56 f
  u_mon/d[6] (razor_cell_W8)               0.00       0.56 f
  u_mon/q_reg[6]/D (DFFARX1_RVT)           0.13       0.68 f
  data arrival time                                   0.68

  clock clk (rise edge)                    0.80       0.80
  clock network delay (ideal)              0.00       0.80
  clock uncertainty                       -0.04       0.76
  u_mon/q_reg[6]/CLK (DFFARX1_RVT)         0.00       0.76 r
  library setup time                      -0.02       0.74
  data required time                                  0.74
  -----------------------------------------------------------
  data required time                                  0.74
  data arrival time                                  -0.68
  -----------------------------------------------------------
  slack (MET)                                         0.05


  Startpoint: rb_reg[0] (rising edge-triggered flip-flop clocked by clk)
  Endpoint: u_mon/q_reg[5]
            (rising edge-triggered flip-flop clocked by clk)
  Path Group: clk
  Path Type: max

  Des/Clust/Port     Wire Load Model       Library
  ------------------------------------------------
  pipe_razor         8000                  saed32rvt_ff0p95vn40c

  Point                                    Incr       Path
  -----------------------------------------------------------
  clock clk (rise edge)                    0.00       0.00
  clock network delay (ideal)              0.00       0.00
  rb_reg[0]/CLK (DFFARX1_RVT)              0.00       0.00 r
  rb_reg[0]/Q (DFFARX1_RVT)                0.07       0.07 r
  U5/C1 (HADDX2_RVT)                       0.05       0.12 r
  U13/CO (FADDX1_RVT)                      0.07       0.19 r
  U12/CO (FADDX1_RVT)                      0.07       0.26 r
  U11/CO (FADDX1_RVT)                      0.07       0.33 r
  U10/CO (FADDX1_RVT)                      0.07       0.40 r
  U9/S (FADDX1_RVT)                        0.09       0.49 f
  u_mon/d[5] (razor_cell_W8)               0.00       0.49 f
  u_mon/q_reg[5]/D (DFFARX1_RVT)           0.13       0.61 f
  data arrival time                                   0.61

  clock clk (rise edge)                    0.80       0.80
  clock network delay (ideal)              0.00       0.80
  clock uncertainty                       -0.04       0.76
  u_mon/q_reg[5]/CLK (DFFARX1_RVT)         0.00       0.76 r
  library setup time                      -0.02       0.74
  data required time                                  0.74
  -----------------------------------------------------------
  data required time                                  0.74
  data arrival time                                  -0.61
  -----------------------------------------------------------
  slack (MET)                                         0.12


  Startpoint: rb_reg[0] (rising edge-triggered flip-flop clocked by clk)
  Endpoint: u_mon/q_reg[3]
            (rising edge-triggered flip-flop clocked by clk)
  Path Group: clk
  Path Type: max

  Des/Clust/Port     Wire Load Model       Library
  ------------------------------------------------
  pipe_razor         8000                  saed32rvt_ff0p95vn40c

  Point                                    Incr       Path
  -----------------------------------------------------------
  clock clk (rise edge)                    0.00       0.00
  clock network delay (ideal)              0.00       0.00
  rb_reg[0]/CLK (DFFARX1_RVT)              0.00       0.00 r
  rb_reg[0]/Q (DFFARX1_RVT)                0.07       0.07 r
  U5/C1 (HADDX2_RVT)                       0.05       0.12 r
  U13/CO (FADDX1_RVT)                      0.07       0.19 r
  U12/CO (FADDX1_RVT)                      0.07       0.26 r
  U11/S (FADDX1_RVT)                       0.09       0.35 f
  u_mon/d[3] (razor_cell_W8)               0.00       0.35 f
  u_mon/q_reg[3]/D (DFFARX1_RVT)           0.13       0.48 f
  data arrival time                                   0.48

  clock clk (rise edge)                    0.80       0.80
  clock network delay (ideal)              0.00       0.80
  clock uncertainty                       -0.04       0.76
  u_mon/q_reg[3]/CLK (DFFARX1_RVT)         0.00       0.76 r
  library setup time                      -0.02       0.74
  data required time                                  0.74
  -----------------------------------------------------------
  data required time                                  0.74
  data arrival time                                  -0.48
  -----------------------------------------------------------
  slack (MET)                                         0.26


  Startpoint: rb_reg[0] (rising edge-triggered flip-flop clocked by clk)
  Endpoint: u_mon/shadow_reg[4]
            (positive level-sensitive latch clocked by clk_del)
  Path Group: clk_del
  Path Type: max

  Des/Clust/Port     Wire Load Model       Library
  ------------------------------------------------
  pipe_razor         8000                  saed32rvt_ff0p95vn40c

  Point                                    Incr       Path
  -----------------------------------------------------------
  clock clk (rise edge)                    0.80       0.80
  clock network delay (ideal)              0.00       0.80
  rb_reg[0]/CLK (DFFARX1_RVT)              0.00       0.80 r
  rb_reg[0]/Q (DFFARX1_RVT)                0.07       0.87 r
  U5/C1 (HADDX2_RVT)                       0.05       0.92 r
  U13/CO (FADDX1_RVT)                      0.07       0.99 r
  U12/CO (FADDX1_RVT)                      0.07       1.06 r
  U11/CO (FADDX1_RVT)                      0.07       1.13 r
  U10/S (FADDX1_RVT)                       0.09       1.22 f
  u_mon/d[4] (razor_cell_W8)               0.00       1.22 f
  u_mon/shadow_reg[4]/D (LATCHX1_RVT)      0.06       1.27 f
  data arrival time                                   1.27

  clock clk_del (rise edge)                0.40       0.40
  clock network delay (ideal)              0.00       0.40
  u_mon/shadow_reg[4]/CLK (LATCHX1_RVT)
                                           0.00       0.40 r
  time borrowed from endpoint              0.78       1.18
  data required time                                  1.18
  -----------------------------------------------------------
  data required time                                  1.18
  data arrival time                                  -1.27
  -----------------------------------------------------------
  slack (VIOLATED)                                   -0.09

  Time Borrowing Information
  -----------------------------------------------
  clk_del nominal pulse width              0.80   
  library setup time                      -0.02   
  -----------------------------------------------
  max time borrow                          0.78   
  actual time borrow                       0.78   
  -----------------------------------------------


  Startpoint: rb_reg[0] (rising edge-triggered flip-flop clocked by clk)
  Endpoint: u_mon/shadow_reg[2]
            (positive level-sensitive latch clocked by clk_del)
  Path Group: clk_del
  Path Type: max

  Des/Clust/Port     Wire Load Model       Library
  ------------------------------------------------
  pipe_razor         8000                  saed32rvt_ff0p95vn40c

  Point                                    Incr       Path
  -----------------------------------------------------------
  clock clk (rise edge)                    0.80       0.80
  clock network delay (ideal)              0.00       0.80
  rb_reg[0]/CLK (DFFARX1_RVT)              0.00       0.80 r
  rb_reg[0]/Q (DFFARX1_RVT)                0.07       0.87 r
  U5/C1 (HADDX2_RVT)                       0.05       0.92 r
  U13/CO (FADDX1_RVT)                      0.07       0.99 r
  U12/S (FADDX1_RVT)                       0.09       1.08 f
  u_mon/d[2] (razor_cell_W8)               0.00       1.08 f
  u_mon/shadow_reg[2]/D (LATCHX1_RVT)      0.06       1.13 f
  data arrival time                                   1.13

  clock clk_del (rise edge)                0.40       0.40
  clock network delay (ideal)              0.00       0.40
  u_mon/shadow_reg[2]/CLK (LATCHX1_RVT)
                                           0.00       0.40 r
  time borrowed from endpoint              0.73       1.13
  data required time                                  1.13
  -----------------------------------------------------------
  data required time                                  1.13
  data arrival time                                  -1.13
  -----------------------------------------------------------
  slack (MET)                                         0.00

  Time Borrowing Information
  -----------------------------------------------
  clk_del nominal pulse width              0.80   
  library setup time                      -0.02   
  -----------------------------------------------
  max time borrow                          0.78   
  actual time borrow                       0.73   
  -----------------------------------------------


  Startpoint: rb_reg[0] (rising edge-triggered flip-flop clocked by clk)
  Endpoint: u_mon/shadow_reg[1]
            (positive level-sensitive latch clocked by clk_del)
  Path Group: clk_del
  Path Type: max

  Des/Clust/Port     Wire Load Model       Library
  ------------------------------------------------
  pipe_razor         8000                  saed32rvt_ff0p95vn40c

  Point                                    Incr       Path
  -----------------------------------------------------------
  clock clk (rise edge)                    0.80       0.80
  clock network delay (ideal)              0.00       0.80
  rb_reg[0]/CLK (DFFARX1_RVT)              0.00       0.80 r
  rb_reg[0]/Q (DFFARX1_RVT)                0.07       0.87 f
  U5/C1 (HADDX2_RVT)                       0.05       0.92 f
  U13/S (FADDX1_RVT)                       0.09       1.01 r
  u_mon/d[1] (razor_cell_W8)               0.00       1.01 r
  u_mon/shadow_reg[1]/D (LATCHX1_RVT)      0.06       1.06 r
  data arrival time                                   1.06

  clock clk_del (rise edge)                0.40       0.40
  clock network delay (ideal)              0.00       0.40
  u_mon/shadow_reg[1]/CLK (LATCHX1_RVT)
                                           0.00       0.40 r
  time borrowed from endpoint              0.66       1.06
  data required time                                  1.06
  -----------------------------------------------------------
  data required time                                  1.06
  data arrival time                                  -1.06
  -----------------------------------------------------------
  slack (MET)                                         0.00

  Time Borrowing Information
  -----------------------------------------------
  clk_del nominal pulse width              0.80   
  library setup time                      -0.02   
  -----------------------------------------------
  max time borrow                          0.78   
  actual time borrow                       0.66   
  -----------------------------------------------


  Startpoint: rb_reg[0] (rising edge-triggered flip-flop clocked by clk)
  Endpoint: u_mon/shadow_reg[0]
            (positive level-sensitive latch clocked by clk_del)
  Path Group: clk_del
  Path Type: max

  Des/Clust/Port     Wire Load Model       Library
  ------------------------------------------------
  pipe_razor         8000                  saed32rvt_ff0p95vn40c

  Point                                    Incr       Path
  -----------------------------------------------------------
  clock clk (rise edge)                    0.80       0.80
  clock network delay (ideal)              0.00       0.80
  rb_reg[0]/CLK (DFFARX1_RVT)              0.00       0.80 r
  rb_reg[0]/Q (DFFARX1_RVT)                0.07       0.87 r
  U5/SO (HADDX2_RVT)                       0.07       0.94 f
  u_mon/d[0] (razor_cell_W8)               0.00       0.94 f
  u_mon/shadow_reg[0]/D (LATCHX1_RVT)      0.06       1.00 f
  data arrival time                                   1.00

  clock clk_del (rise edge)                0.40       0.40
  clock network delay (ideal)              0.00       0.40
  u_mon/shadow_reg[0]/CLK (LATCHX1_RVT)
                                           0.00       0.40 r
  time borrowed from endpoint              0.60       1.00
  data required time                                  1.00
  -----------------------------------------------------------
  data required time                                  1.00
  data arrival time                                  -1.00
  -----------------------------------------------------------
  slack (MET)                                         0.00

  Time Borrowing Information
  -----------------------------------------------
  clk_del nominal pulse width              0.80   
  library setup time                      -0.02   
  -----------------------------------------------
  max time borrow                          0.78   
  actual time borrow                       0.60   
  -----------------------------------------------


1
