 
****************************************
Report : timing
        -path full
        -delay max
        -max_paths 5
Design : pipe_dff
Version: R-2020.09-SP5-5
Date   : Sat Jun 27 22:12:51 2026
****************************************

Operating Conditions: ff0p95vn40c   Library: saed32rvt_ff0p95vn40c
Wire Load Model Mode: enclosed

  Startpoint: rb_reg[0] (rising edge-triggered flip-flop clocked by clk)
  Endpoint: u_mon/q_reg[7]
            (rising edge-triggered flip-flop clocked by clk)
  Path Group: clk
  Path Type: max

  Des/Clust/Port     Wire Load Model       Library
  ------------------------------------------------
  pipe_dff           8000                  saed32rvt_ff0p95vn40c

  Point                                    Incr       Path
  -----------------------------------------------------------
  clock clk (rise edge)                    0.00       0.00
  clock network delay (ideal)              0.00       0.00
  rb_reg[0]/CLK (DFFARX1_RVT)              0.00       0.00 r
  rb_reg[0]/Q (DFFARX1_RVT)                0.07       0.07 r
  U10/Y (NAND2X0_RVT)                      0.07       0.14 f
  U5/Y (INVX0_RVT)                         0.07       0.20 r
  intadd_0/U8/CO (FADDX1_RVT)              0.07       0.27 r
  intadd_0/U7/CO (FADDX1_RVT)              0.07       0.34 r
  intadd_0/U6/CO (FADDX1_RVT)              0.07       0.41 r
  intadd_0/U5/CO (FADDX1_RVT)              0.07       0.48 r
  intadd_0/U4/CO (FADDX1_RVT)              0.07       0.55 r
  intadd_0/U3/CO (FADDX1_RVT)              0.07       0.62 r
  U7/Y (XOR2X1_RVT)                        0.06       0.68 f
  u_mon/d[7] (dff_cell_W8)                 0.00       0.68 f
  u_mon/q_reg[7]/D (DFFARX1_RVT)           0.01       0.69 f
  data arrival time                                   0.69

  clock clk (rise edge)                    0.80       0.80
  clock network delay (ideal)              0.00       0.80
  clock uncertainty                       -0.04       0.76
  u_mon/q_reg[7]/CLK (DFFARX1_RVT)         0.00       0.76 r
  library setup time                      -0.02       0.74
  data required time                                  0.74
  -----------------------------------------------------------
  data required time                                  0.74
  data arrival time                                  -0.69
  -----------------------------------------------------------
  slack (MET)                                         0.04


  Startpoint: rb_reg[0] (rising edge-triggered flip-flop clocked by clk)
  Endpoint: u_mon/q_reg[6]
            (rising edge-triggered flip-flop clocked by clk)
  Path Group: clk
  Path Type: max

  Des/Clust/Port     Wire Load Model       Library
  ------------------------------------------------
  pipe_dff           8000                  saed32rvt_ff0p95vn40c

  Point                                    Incr       Path
  -----------------------------------------------------------
  clock clk (rise edge)                    0.00       0.00
  clock network delay (ideal)              0.00       0.00
  rb_reg[0]/CLK (DFFARX1_RVT)              0.00       0.00 r
  rb_reg[0]/Q (DFFARX1_RVT)                0.07       0.07 r
  U10/Y (NAND2X0_RVT)                      0.07       0.14 f
  U5/Y (INVX0_RVT)                         0.07       0.20 r
  intadd_0/U8/CO (FADDX1_RVT)              0.07       0.27 r
  intadd_0/U7/CO (FADDX1_RVT)              0.07       0.34 r
  intadd_0/U6/CO (FADDX1_RVT)              0.07       0.41 r
  intadd_0/U5/CO (FADDX1_RVT)              0.07       0.48 r
  intadd_0/U4/CO (FADDX1_RVT)              0.07       0.55 r
  intadd_0/U3/S (FADDX1_RVT)               0.09       0.64 f
  u_mon/d[6] (dff_cell_W8)                 0.00       0.64 f
  u_mon/q_reg[6]/D (DFFARX1_RVT)           0.01       0.65 f
  data arrival time                                   0.65

  clock clk (rise edge)                    0.80       0.80
  clock network delay (ideal)              0.00       0.80
  clock uncertainty                       -0.04       0.76
  u_mon/q_reg[6]/CLK (DFFARX1_RVT)         0.00       0.76 r
  library setup time                      -0.02       0.74
  data required time                                  0.74
  -----------------------------------------------------------
  data required time                                  0.74
  data arrival time                                  -0.65
  -----------------------------------------------------------
  slack (MET)                                         0.09


  Startpoint: rb_reg[0] (rising edge-triggered flip-flop clocked by clk)
  Endpoint: u_mon/q_reg[5]
            (rising edge-triggered flip-flop clocked by clk)
  Path Group: clk
  Path Type: max

  Des/Clust/Port     Wire Load Model       Library
  ------------------------------------------------
  pipe_dff           8000                  saed32rvt_ff0p95vn40c

  Point                                    Incr       Path
  -----------------------------------------------------------
  clock clk (rise edge)                    0.00       0.00
  clock network delay (ideal)              0.00       0.00
  rb_reg[0]/CLK (DFFARX1_RVT)              0.00       0.00 r
  rb_reg[0]/Q (DFFARX1_RVT)                0.07       0.07 r
  U10/Y (NAND2X0_RVT)                      0.07       0.14 f
  U5/Y (INVX0_RVT)                         0.07       0.20 r
  intadd_0/U8/CO (FADDX1_RVT)              0.07       0.27 r
  intadd_0/U7/CO (FADDX1_RVT)              0.07       0.34 r
  intadd_0/U6/CO (FADDX1_RVT)              0.07       0.41 r
  intadd_0/U5/CO (FADDX1_RVT)              0.07       0.48 r
  intadd_0/U4/S (FADDX1_RVT)               0.09       0.57 f
  u_mon/d[5] (dff_cell_W8)                 0.00       0.57 f
  u_mon/q_reg[5]/D (DFFARX1_RVT)           0.01       0.58 f
  data arrival time                                   0.58

  clock clk (rise edge)                    0.80       0.80
  clock network delay (ideal)              0.00       0.80
  clock uncertainty                       -0.04       0.76
  u_mon/q_reg[5]/CLK (DFFARX1_RVT)         0.00       0.76 r
  library setup time                      -0.02       0.74
  data required time                                  0.74
  -----------------------------------------------------------
  data required time                                  0.74
  data arrival time                                  -0.58
  -----------------------------------------------------------
  slack (MET)                                         0.16


  Startpoint: rb_reg[0] (rising edge-triggered flip-flop clocked by clk)
  Endpoint: u_mon/q_reg[4]
            (rising edge-triggered flip-flop clocked by clk)
  Path Group: clk
  Path Type: max

  Des/Clust/Port     Wire Load Model       Library
  ------------------------------------------------
  pipe_dff           8000                  saed32rvt_ff0p95vn40c

  Point                                    Incr       Path
  -----------------------------------------------------------
  clock clk (rise edge)                    0.00       0.00
  clock network delay (ideal)              0.00       0.00
  rb_reg[0]/CLK (DFFARX1_RVT)              0.00       0.00 r
  rb_reg[0]/Q (DFFARX1_RVT)                0.07       0.07 r
  U10/Y (NAND2X0_RVT)                      0.07       0.14 f
  U5/Y (INVX0_RVT)                         0.07       0.20 r
  intadd_0/U8/CO (FADDX1_RVT)              0.07       0.27 r
  intadd_0/U7/CO (FADDX1_RVT)              0.07       0.34 r
  intadd_0/U6/CO (FADDX1_RVT)              0.07       0.41 r
  intadd_0/U5/S (FADDX1_RVT)               0.09       0.50 f
  u_mon/d[4] (dff_cell_W8)                 0.00       0.50 f
  u_mon/q_reg[4]/D (DFFARX1_RVT)           0.01       0.51 f
  data arrival time                                   0.51

  clock clk (rise edge)                    0.80       0.80
  clock network delay (ideal)              0.00       0.80
  clock uncertainty                       -0.04       0.76
  u_mon/q_reg[4]/CLK (DFFARX1_RVT)         0.00       0.76 r
  library setup time                      -0.02       0.74
  data required time                                  0.74
  -----------------------------------------------------------
  data required time                                  0.74
  data arrival time                                  -0.51
  -----------------------------------------------------------
  slack (MET)                                         0.23


  Startpoint: rb_reg[0] (rising edge-triggered flip-flop clocked by clk)
  Endpoint: u_mon/q_reg[3]
            (rising edge-triggered flip-flop clocked by clk)
  Path Group: clk
  Path Type: max

  Des/Clust/Port     Wire Load Model       Library
  ------------------------------------------------
  pipe_dff           8000                  saed32rvt_ff0p95vn40c

  Point                                    Incr       Path
  -----------------------------------------------------------
  clock clk (rise edge)                    0.00       0.00
  clock network delay (ideal)              0.00       0.00
  rb_reg[0]/CLK (DFFARX1_RVT)              0.00       0.00 r
  rb_reg[0]/Q (DFFARX1_RVT)                0.07       0.07 r
  U10/Y (NAND2X0_RVT)                      0.07       0.14 f
  U5/Y (INVX0_RVT)                         0.07       0.20 r
  intadd_0/U8/CO (FADDX1_RVT)              0.07       0.27 r
  intadd_0/U7/CO (FADDX1_RVT)              0.07       0.34 r
  intadd_0/U6/S (FADDX1_RVT)               0.09       0.43 f
  u_mon/d[3] (dff_cell_W8)                 0.00       0.43 f
  u_mon/q_reg[3]/D (DFFARX1_RVT)           0.01       0.44 f
  data arrival time                                   0.44

  clock clk (rise edge)                    0.80       0.80
  clock network delay (ideal)              0.00       0.80
  clock uncertainty                       -0.04       0.76
  u_mon/q_reg[3]/CLK (DFFARX1_RVT)         0.00       0.76 r
  library setup time                      -0.02       0.74
  data required time                                  0.74
  -----------------------------------------------------------
  data required time                                  0.74
  data arrival time                                  -0.44
  -----------------------------------------------------------
  slack (MET)                                         0.30


1
