 Info: Initializing timer in CLOCK_SYN_REPORT_MODE
Information: The value of option cts.compile.enable_cell_relocation has been overridden to "leaf_only" to support latency-driven placement. (CTS-973)
****************************************
Report : clock qor
        -type summary
Design : pipe_razor
Version: U-2022.12-SP5
Date   : Sat Jun 27 22:16:42 2026
****************************************

Attributes
===========
M Master Clock
G Generated Clock
& Internal Generated Clock
U User Defined Skew Group
D Default Skew Group
* Generated Clock Balanced Separately

==============================================
==== Summary Reporting for Corner default ====
==============================================

=========================================================== Summary Table for Corner default ===========================================================
Clock /                               Attrs     Sinks Levels    Clock     Clock     Clock       Max    Global  Trans DRC  Cap DRC      Wire
Skew Group                                                   Repeater  Repeater   Stdcell   Latency      Skew     Count     Count    Length
                                                                Count      Area      Area
--------------------------------------------------------------------------------------------------------------------------------------------------------
### Mode: default, Scenario: default
clk                                     M,D        32      1        0      0.00      0.00      0.00      0.00         0         0     90.22
--------------------------------------------------------------------------------------------------------------------------------------------------------
All Clocks                                         32      1        0      0.00      0.00      0.00      0.00         0         0     90.22


Warning: Please use -largest / -smallest / -all switches with -show_verbose_paths / -show_paths to report the clock paths. (CTS-956)
1
